<?xml version="1.0" encoding="UTF-8"?>
<!-- Generated by org.testng.reporters.JUnitXMLReporter -->
<testsuite ignored="3" hostname="Mayuresh" failures="0" tests="0" time="0.009" errors="0" timestamp="2025-01-08T08:25:49 IST">
  <testcase classname="demo.session.framework.SeleniumFrameworkTutorials.GlobalVariablesPage" name="submitOrder" time="0.0">
    <ignored/>
  </testcase> <!-- submitOrder -->
  <testcase classname="demo.session.framework.SeleniumFrameworkTutorials.ProductCataloguePage" name="validateOrderSubmission" time="0.0">
    <ignored/>
  </testcase> <!-- validateOrderSubmission -->
  <testcase classname="demo.session.framework.SeleniumFrameworkTutorials.ProductCataloguePage" name="validateOrderSummary" time="0.0">
    <ignored/>
  </testcase> <!-- validateOrderSummary -->
</testsuite>
